SF:lib/src/configuration/blocs/configuration_bloc.dart
DA:16,1
DA:20,2
DA:21,3
DA:22,3
DA:23,3
DA:26,1
DA:28,4
DA:31,1
DA:33,4
DA:36,1
DA:37,2
DA:38,2
DA:39,2
DA:40,1
DA:41,2
LF:15
LH:15
end_of_record
SF:lib/src/configuration/state/configuration_event.dart
DA:10,1
DA:16,1
LF:2
LH:2
end_of_record
SF:lib/src/configuration/state/configuration_state.dart
DA:12,1
LF:1
LH:1
end_of_record
SF:lib/src/queue/domain/entities/queue_entities.dart
DA:10,2
LF:1
LH:1
end_of_record
SF:lib/src/queue/domain/usecases/add_new_queue.dart
DA:11,1
DA:14,1
DA:15,3
LF:3
LH:3
end_of_record
SF:lib/src/queue/domain/usecases/get_all_queues.dart
DA:11,1
DA:12,1
DA:14,2
LF:3
LH:3
end_of_record
SF:lib/src/queue/domain/usecases/remove_queue.dart
DA:11,0
DA:14,0
DA:15,0
LF:3
LH:0
end_of_record
SF:lib/src/queue/domain/value_objects/order.dart
DA:7,3
DA:15,7
LF:2
LH:2
end_of_record
SF:lib/src/queue/infra/adapter/json_to_order.dart
DA:4,3
DA:5,3
DA:7,3
DA:8,3
DA:9,6
DA:10,6
DA:11,9
DA:16,1
DA:17,1
DA:18,1
DA:19,1
DA:20,1
DA:21,1
LF:13
LH:13
end_of_record
SF:lib/src/queue/infra/adapter/json_to_queue.dart
DA:5,2
DA:6,2
DA:7,2
DA:8,2
DA:9,2
DA:10,2
DA:11,2
DA:12,2
DA:13,6
DA:18,2
DA:19,2
DA:20,2
DA:21,2
DA:22,2
DA:23,2
DA:25,6
LF:16
LH:16
end_of_record
SF:lib/src/queue/infra/repositories/queue_repository.dart
DA:10,1
DA:11,1
DA:13,2
DA:14,2
DA:17,1
DA:18,2
DA:22,1
DA:23,1
DA:24,3
DA:28,0
DA:29,0
LF:11
LH:9
end_of_record
SF:lib/src/queue/external/queue_firestore_datasource.dart
DA:7,1
DA:8,1
DA:10,2
DA:11,2
DA:12,5
DA:15,1
DA:16,2
DA:17,1
DA:18,2
DA:19,1
DA:21,1
DA:25,1
DA:26,2
DA:27,1
DA:28,1
DA:32,0
DA:33,0
DA:34,0
LF:18
LH:15
end_of_record
