SF:lib/src/configuration/blocs/configuration_bloc.dart
DA:18,1
DA:23,2
DA:24,3
DA:25,3
DA:26,3
DA:27,3
DA:30,1
DA:32,3
DA:35,1
DA:37,4
DA:40,1
DA:42,4
DA:45,1
DA:46,2
DA:47,4
DA:48,1
DA:49,2
DA:50,1
DA:51,3
LF:19
LH:19
end_of_record
SF:lib/src/configuration/event/configuration_event.dart
DA:10,1
DA:16,1
LF:2
LH:2
end_of_record
SF:lib/src/configuration/state/configuration_state.dart
DA:12,1
DA:18,1
LF:2
LH:2
end_of_record
SF:lib/src/queue/domain/entities/queue_entities.dart
DA:10,4
LF:1
LH:1
end_of_record
SF:lib/src/queue/domain/usecases/add_new_queue_usecase.dart
DA:11,1
DA:14,1
DA:15,3
LF:3
LH:3
end_of_record
SF:lib/src/queue/domain/usecases/get_all_queues_usecase.dart
DA:11,1
DA:12,1
DA:14,2
LF:3
LH:3
end_of_record
SF:lib/src/queue/domain/usecases/remove_all_orders_usecase.dart
DA:9,1
DA:12,1
DA:13,3
LF:3
LH:3
end_of_record
SF:lib/src/queue/domain/usecases/remove_queue_usecase.dart
DA:11,1
DA:14,1
DA:15,4
LF:3
LH:3
end_of_record
SF:lib/src/queue/domain/usecases/generate_order_usecase.dart
DA:9,1
DA:11,2
DA:12,1
DA:13,1
DA:14,2
DA:15,1
DA:16,1
DA:19,2
DA:23,1
DA:24,2
LF:10
LH:10
end_of_record
SF:lib/src/queue/infra/repositories/queue_repository.dart
DA:10,1
DA:11,1
DA:13,2
DA:14,2
DA:17,1
DA:18,2
DA:22,1
DA:23,1
DA:24,3
DA:28,0
DA:29,0
DA:33,0
DA:34,0
DA:38,0
DA:40,0
LF:15
LH:9
end_of_record
SF:lib/src/queue/domain/value_objects/order.dart
DA:7,4
DA:15,9
LF:2
LH:2
end_of_record
SF:lib/src/queue/infra/adapter/json_to_order.dart
DA:4,3
DA:5,3
DA:7,3
DA:8,3
DA:9,6
DA:10,6
DA:11,9
DA:16,1
DA:17,1
DA:18,1
DA:19,1
DA:20,1
DA:21,1
LF:13
LH:13
end_of_record
SF:lib/src/queue/infra/adapter/json_to_queue.dart
DA:5,2
DA:6,2
DA:7,2
DA:8,2
DA:9,2
DA:10,2
DA:11,2
DA:12,2
DA:13,6
DA:18,2
DA:19,2
DA:20,2
DA:21,2
DA:22,2
DA:23,2
DA:25,6
LF:16
LH:16
end_of_record
SF:lib/src/queue/external/queue_firestore_datasource.dart
DA:7,1
DA:8,1
DA:10,2
DA:11,2
DA:12,5
DA:15,1
DA:16,2
DA:17,1
DA:18,2
DA:19,1
DA:21,1
DA:25,1
DA:26,2
DA:27,1
DA:28,1
DA:32,0
DA:33,0
DA:34,0
DA:38,1
DA:39,2
DA:40,2
DA:41,2
DA:42,1
DA:43,1
DA:44,3
DA:49,1
DA:50,2
DA:51,2
DA:52,1
LF:29
LH:26
end_of_record
